{"/Users/cajsanummelin/Desktop/fullstack_p4/blog_list_backend/blog_list_frontend/src/App.jsx": {"path":"/Users/cajsanummelin/Desktop/fullstack_p4/blog_list_backend/blog_list_frontend/src/App.jsx","statementMap":{"0":{"start":{"line":16,"column":28},"end":{"line":16,"column":40}},"1":{"start":{"line":17,"column":26},"end":{"line":17,"column":40}},"2":{"start":{"line":18,"column":42},"end":{"line":18,"column":56}},"3":{"start":{"line":19,"column":42},"end":{"line":19,"column":56}},"4":{"start":{"line":21,"column":22},"end":{"line":21,"column":30}},"5":{"start":{"line":23,"column":19},"end":{"line":31,"column":3}},"6":{"start":{"line":24,"column":4},"end":{"line":30,"column":6}},"7":{"start":{"line":25,"column":6},"end":{"line":27,"column":8}},"8":{"start":{"line":26,"column":8},"end":{"line":26,"column":32}},"9":{"start":{"line":28,"column":6},"end":{"line":28,"column":33}},"10":{"start":{"line":29,"column":6},"end":{"line":29,"column":20}},"11":{"start":{"line":32,"column":2},"end":{"line":32,"column":25}},"12":{"start":{"line":34,"column":2},"end":{"line":41,"column":8}},"13":{"start":{"line":35,"column":27},"end":{"line":35,"column":75}},"14":{"start":{"line":36,"column":4},"end":{"line":40,"column":5}},"15":{"start":{"line":37,"column":19},"end":{"line":37,"column":45}},"16":{"start":{"line":38,"column":6},"end":{"line":38,"column":19}},"17":{"start":{"line":39,"column":6},"end":{"line":39,"column":39}},"18":{"start":{"line":43,"column":22},"end":{"line":60,"column":3}},"19":{"start":{"line":44,"column":4},"end":{"line":58,"column":5}},"20":{"start":{"line":45,"column":19},"end":{"line":45,"column":55}},"21":{"start":{"line":46,"column":6},"end":{"line":46,"column":76}},"22":{"start":{"line":47,"column":6},"end":{"line":47,"column":39}},"23":{"start":{"line":48,"column":6},"end":{"line":48,"column":19}},"24":{"start":{"line":50,"column":6},"end":{"line":57,"column":7}},"25":{"start":{"line":51,"column":8},"end":{"line":51,"column":53}},"26":{"start":{"line":52,"column":8},"end":{"line":54,"column":16}},"27":{"start":{"line":53,"column":10},"end":{"line":53,"column":31}},"28":{"start":{"line":56,"column":8},"end":{"line":56,"column":52}},"29":{"start":{"line":59,"column":4},"end":{"line":59,"column":76}},"30":{"start":{"line":62,"column":23},"end":{"line":69,"column":3}},"31":{"start":{"line":63,"column":4},"end":{"line":63,"column":55}},"32":{"start":{"line":64,"column":4},"end":{"line":64,"column":17}},"33":{"start":{"line":65,"column":4},"end":{"line":65,"column":45}},"34":{"start":{"line":66,"column":4},"end":{"line":68,"column":12}},"35":{"start":{"line":67,"column":6},"end":{"line":67,"column":27}},"36":{"start":{"line":71,"column":24},"end":{"line":87,"column":3}},"37":{"start":{"line":72,"column":4},"end":{"line":86,"column":5}},"38":{"start":{"line":73,"column":6},"end":{"line":73,"column":44}},"39":{"start":{"line":74,"column":27},"end":{"line":74,"column":68}},"40":{"start":{"line":75,"column":6},"end":{"line":75,"column":42}},"41":{"start":{"line":76,"column":6},"end":{"line":76,"column":16}},"42":{"start":{"line":77,"column":6},"end":{"line":77,"column":57}},"43":{"start":{"line":78,"column":6},"end":{"line":80,"column":14}},"44":{"start":{"line":79,"column":8},"end":{"line":79,"column":29}},"45":{"start":{"line":82,"column":6},"end":{"line":82,"column":53}},"46":{"start":{"line":83,"column":6},"end":{"line":85,"column":14}},"47":{"start":{"line":84,"column":8},"end":{"line":84,"column":29}},"48":{"start":{"line":89,"column":21},"end":{"line":96,"column":3}},"49":{"start":{"line":90,"column":4},"end":{"line":90,"column":27}},"50":{"start":{"line":92,"column":4},"end":{"line":95,"column":21}},"51":{"start":{"line":94,"column":18},"end":{"line":94,"column":44}},"52":{"start":{"line":98,"column":23},"end":{"line":107,"column":3}},"53":{"start":{"line":99,"column":4},"end":{"line":106,"column":5}},"54":{"start":{"line":102,"column":6},"end":{"line":105,"column":23}},"55":{"start":{"line":104,"column":20},"end":{"line":104,"column":42}},"56":{"start":{"line":109,"column":2},"end":{"line":154,"column":3}},"57":{"start":{"line":131,"column":16},"end":{"line":146,"column":23}},"58":{"start":{"line":138,"column":37},"end":{"line":138,"column":53}},"59":{"start":{"line":142,"column":37},"end":{"line":142,"column":55}}},"fnMap":{"0":{"name":"App","decl":{"start":{"line":15,"column":9},"end":{"line":15,"column":12}},"loc":{"start":{"line":15,"column":15},"end":{"line":155,"column":1}},"line":15},"1":{"name":"(anonymous_1)","decl":{"start":{"line":23,"column":19},"end":{"line":23,"column":20}},"loc":{"start":{"line":23,"column":25},"end":{"line":31,"column":3}},"line":23},"2":{"name":"(anonymous_2)","decl":{"start":{"line":24,"column":31},"end":{"line":24,"column":32}},"loc":{"start":{"line":24,"column":41},"end":{"line":30,"column":5}},"line":24},"3":{"name":"(anonymous_3)","decl":{"start":{"line":25,"column":16},"end":{"line":25,"column":17}},"loc":{"start":{"line":25,"column":26},"end":{"line":27,"column":7}},"line":25},"4":{"name":"(anonymous_4)","decl":{"start":{"line":34,"column":12},"end":{"line":34,"column":13}},"loc":{"start":{"line":34,"column":18},"end":{"line":41,"column":3}},"line":34},"5":{"name":"(anonymous_5)","decl":{"start":{"line":43,"column":22},"end":{"line":43,"column":23}},"loc":{"start":{"line":43,"column":44},"end":{"line":60,"column":3}},"line":43},"6":{"name":"(anonymous_6)","decl":{"start":{"line":52,"column":19},"end":{"line":52,"column":20}},"loc":{"start":{"line":52,"column":25},"end":{"line":54,"column":9}},"line":52},"7":{"name":"(anonymous_7)","decl":{"start":{"line":62,"column":23},"end":{"line":62,"column":24}},"loc":{"start":{"line":62,"column":29},"end":{"line":69,"column":3}},"line":62},"8":{"name":"(anonymous_8)","decl":{"start":{"line":66,"column":15},"end":{"line":66,"column":16}},"loc":{"start":{"line":66,"column":21},"end":{"line":68,"column":5}},"line":66},"9":{"name":"(anonymous_9)","decl":{"start":{"line":71,"column":24},"end":{"line":71,"column":25}},"loc":{"start":{"line":71,"column":46},"end":{"line":87,"column":3}},"line":71},"10":{"name":"(anonymous_10)","decl":{"start":{"line":78,"column":17},"end":{"line":78,"column":18}},"loc":{"start":{"line":78,"column":23},"end":{"line":80,"column":7}},"line":78},"11":{"name":"(anonymous_11)","decl":{"start":{"line":83,"column":17},"end":{"line":83,"column":18}},"loc":{"start":{"line":83,"column":23},"end":{"line":85,"column":7}},"line":83},"12":{"name":"(anonymous_12)","decl":{"start":{"line":89,"column":21},"end":{"line":89,"column":22}},"loc":{"start":{"line":89,"column":31},"end":{"line":96,"column":3}},"line":89},"13":{"name":"(anonymous_13)","decl":{"start":{"line":94,"column":12},"end":{"line":94,"column":13}},"loc":{"start":{"line":94,"column":18},"end":{"line":94,"column":44}},"line":94},"14":{"name":"(anonymous_14)","decl":{"start":{"line":98,"column":23},"end":{"line":98,"column":24}},"loc":{"start":{"line":98,"column":33},"end":{"line":107,"column":3}},"line":98},"15":{"name":"(anonymous_15)","decl":{"start":{"line":104,"column":14},"end":{"line":104,"column":15}},"loc":{"start":{"line":104,"column":20},"end":{"line":104,"column":42}},"line":104},"16":{"name":"(anonymous_16)","decl":{"start":{"line":130,"column":25},"end":{"line":130,"column":26}},"loc":{"start":{"line":131,"column":16},"end":{"line":146,"column":23}},"line":131},"17":{"name":"(anonymous_17)","decl":{"start":{"line":138,"column":31},"end":{"line":138,"column":32}},"loc":{"start":{"line":138,"column":37},"end":{"line":138,"column":53}},"line":138},"18":{"name":"(anonymous_18)","decl":{"start":{"line":142,"column":31},"end":{"line":142,"column":32}},"loc":{"start":{"line":142,"column":37},"end":{"line":142,"column":55}},"line":142}},"branchMap":{"0":{"loc":{"start":{"line":36,"column":4},"end":{"line":40,"column":5}},"type":"if","locations":[{"start":{"line":36,"column":4},"end":{"line":40,"column":5}},{"start":{},"end":{}}],"line":36},"1":{"loc":{"start":{"line":50,"column":6},"end":{"line":57,"column":7}},"type":"if","locations":[{"start":{"line":50,"column":6},"end":{"line":57,"column":7}},{"start":{"line":55,"column":13},"end":{"line":57,"column":7}}],"line":50},"2":{"loc":{"start":{"line":99,"column":4},"end":{"line":106,"column":5}},"type":"if","locations":[{"start":{"line":99,"column":4},"end":{"line":106,"column":5}},{"start":{},"end":{}}],"line":99},"3":{"loc":{"start":{"line":115,"column":9},"end":{"line":151,"column":9}},"type":"cond-expr","locations":[{"start":{"line":116,"column":10},"end":{"line":118,"column":22}},{"start":{"line":120,"column":10},"end":{"line":150,"column":16}}],"line":115},"4":{"loc":{"start":{"line":140,"column":19},"end":{"line":145,"column":26}},"type":"cond-expr","locations":[{"start":{"line":141,"column":20},"end":{"line":144,"column":22}},{"start":{"line":145,"column":22},"end":{"line":145,"column":26}}],"line":140}},"s":{"0":0,"1":0,"2":0,"3":0,"4":0,"5":0,"6":0,"7":0,"8":0,"9":0,"10":0,"11":0,"12":0,"13":0,"14":0,"15":0,"16":0,"17":0,"18":0,"19":0,"20":0,"21":0,"22":0,"23":0,"24":0,"25":0,"26":0,"27":0,"28":0,"29":0,"30":0,"31":0,"32":0,"33":0,"34":0,"35":0,"36":0,"37":0,"38":0,"39":0,"40":0,"41":0,"42":0,"43":0,"44":0,"45":0,"46":0,"47":0,"48":0,"49":0,"50":0,"51":0,"52":0,"53":0,"54":0,"55":0,"56":0,"57":0,"58":0,"59":0},"f":{"0":0,"1":0,"2":0,"3":0,"4":0,"5":0,"6":0,"7":0,"8":0,"9":0,"10":0,"11":0,"12":0,"13":0,"14":0,"15":0,"16":0,"17":0,"18":0},"b":{"0":[0,0],"1":[0,0],"2":[0,0],"3":[0,0],"4":[0,0]}}
,"/Users/cajsanummelin/Desktop/fullstack_p4/blog_list_backend/blog_list_frontend/src/main.jsx": {"path":"/Users/cajsanummelin/Desktop/fullstack_p4/blog_list_backend/blog_list_frontend/src/main.jsx","statementMap":{"0":{"start":{"line":6,"column":0},"end":{"line":10,"column":1}}},"fnMap":{},"branchMap":{},"s":{"0":0},"f":{},"b":{}}
,"/Users/cajsanummelin/Desktop/fullstack_p4/blog_list_backend/blog_list_frontend/src/components/blog.jsx": {"path":"/Users/cajsanummelin/Desktop/fullstack_p4/blog_list_backend/blog_list_frontend/src/components/blog.jsx","statementMap":{"0":{"start":{"line":3,"column":13},"end":{"line":26,"column":1}},"1":{"start":{"line":4,"column":20},"end":{"line":10,"column":3}},"2":{"start":{"line":11,"column":2},"end":{"line":25,"column":3}}},"fnMap":{"0":{"name":"(anonymous_0)","decl":{"start":{"line":3,"column":13},"end":{"line":3,"column":14}},"loc":{"start":{"line":3,"column":24},"end":{"line":26,"column":1}},"line":3}},"branchMap":{},"s":{"0":1,"1":2,"2":2},"f":{"0":2},"b":{},"_coverageSchema":"1a1c01bbd47fc00a2c39e90264f33305004495a9","hash":"744c4dd29a8c054eca13c47854f3c55583a79152"}
,"/Users/cajsanummelin/Desktop/fullstack_p4/blog_list_backend/blog_list_frontend/src/components/blog_form.jsx": {"path":"/Users/cajsanummelin/Desktop/fullstack_p4/blog_list_backend/blog_list_frontend/src/components/blog_form.jsx","statementMap":{"0":{"start":{"line":3,"column":17},"end":{"line":55,"column":1}},"1":{"start":{"line":4,"column":36},"end":{"line":4,"column":48}},"2":{"start":{"line":5,"column":38},"end":{"line":5,"column":50}},"3":{"start":{"line":6,"column":32},"end":{"line":6,"column":44}},"4":{"start":{"line":8,"column":18},"end":{"line":16,"column":3}},"5":{"start":{"line":9,"column":4},"end":{"line":9,"column":26}},"6":{"start":{"line":11,"column":4},"end":{"line":11,"column":76}},"7":{"start":{"line":13,"column":4},"end":{"line":13,"column":20}},"8":{"start":{"line":14,"column":4},"end":{"line":14,"column":21}},"9":{"start":{"line":15,"column":4},"end":{"line":15,"column":18}},"10":{"start":{"line":18,"column":2},"end":{"line":54,"column":3}},"11":{"start":{"line":29,"column":35},"end":{"line":29,"column":67}},"12":{"start":{"line":38,"column":35},"end":{"line":38,"column":68}},"13":{"start":{"line":47,"column":35},"end":{"line":47,"column":65}}},"fnMap":{"0":{"name":"(anonymous_0)","decl":{"start":{"line":3,"column":17},"end":{"line":3,"column":18}},"loc":{"start":{"line":3,"column":37},"end":{"line":55,"column":1}},"line":3},"1":{"name":"(anonymous_1)","decl":{"start":{"line":8,"column":18},"end":{"line":8,"column":19}},"loc":{"start":{"line":8,"column":35},"end":{"line":16,"column":3}},"line":8},"2":{"name":"(anonymous_2)","decl":{"start":{"line":29,"column":24},"end":{"line":29,"column":25}},"loc":{"start":{"line":29,"column":35},"end":{"line":29,"column":67}},"line":29},"3":{"name":"(anonymous_3)","decl":{"start":{"line":38,"column":24},"end":{"line":38,"column":25}},"loc":{"start":{"line":38,"column":35},"end":{"line":38,"column":68}},"line":38},"4":{"name":"(anonymous_4)","decl":{"start":{"line":47,"column":24},"end":{"line":47,"column":25}},"loc":{"start":{"line":47,"column":35},"end":{"line":47,"column":65}},"line":47}},"branchMap":{},"s":{"0":2,"1":18,"2":18,"3":18,"4":18,"5":1,"6":1,"7":1,"8":1,"9":1,"10":18,"11":16,"12":0,"13":0},"f":{"0":18,"1":1,"2":16,"3":0,"4":0},"b":{},"_coverageSchema":"1a1c01bbd47fc00a2c39e90264f33305004495a9","hash":"b3734780db3ff5210faa48dcca71566fb822069c"}
,"/Users/cajsanummelin/Desktop/fullstack_p4/blog_list_backend/blog_list_frontend/src/components/button.jsx": {"path":"/Users/cajsanummelin/Desktop/fullstack_p4/blog_list_backend/blog_list_frontend/src/components/button.jsx","statementMap":{"0":{"start":{"line":1,"column":15},"end":{"line":3,"column":1}},"1":{"start":{"line":2,"column":2},"end":{"line":2,"column":50}}},"fnMap":{"0":{"name":"(anonymous_0)","decl":{"start":{"line":1,"column":15},"end":{"line":1,"column":16}},"loc":{"start":{"line":1,"column":38},"end":{"line":3,"column":1}},"line":1}},"branchMap":{},"s":{"0":1,"1":2},"f":{"0":2},"b":{},"_coverageSchema":"1a1c01bbd47fc00a2c39e90264f33305004495a9","hash":"a1969bd2a814cc47ad83e0c421c69beb61b4be6c"}
,"/Users/cajsanummelin/Desktop/fullstack_p4/blog_list_backend/blog_list_frontend/src/components/index.jsx": {"path":"/Users/cajsanummelin/Desktop/fullstack_p4/blog_list_backend/blog_list_frontend/src/components/index.jsx","statementMap":{},"fnMap":{},"branchMap":{},"s":{},"f":{},"b":{},"_coverageSchema":"1a1c01bbd47fc00a2c39e90264f33305004495a9","hash":"fa13b51e349978a40d553d0a2e4e2aa4edd51e53"}
,"/Users/cajsanummelin/Desktop/fullstack_p4/blog_list_backend/blog_list_frontend/src/components/login_form.jsx": {"path":"/Users/cajsanummelin/Desktop/fullstack_p4/blog_list_backend/blog_list_frontend/src/components/login_form.jsx","statementMap":{"0":{"start":{"line":4,"column":18},"end":{"line":40,"column":1}},"1":{"start":{"line":5,"column":34},"end":{"line":5,"column":46}},"2":{"start":{"line":6,"column":34},"end":{"line":6,"column":46}},"3":{"start":{"line":8,"column":18},"end":{"line":13,"column":3}},"4":{"start":{"line":9,"column":4},"end":{"line":9,"column":26}},"5":{"start":{"line":10,"column":4},"end":{"line":10,"column":58}},"6":{"start":{"line":11,"column":4},"end":{"line":11,"column":19}},"7":{"start":{"line":12,"column":4},"end":{"line":12,"column":19}},"8":{"start":{"line":15,"column":2},"end":{"line":39,"column":3}},"9":{"start":{"line":24,"column":33},"end":{"line":24,"column":64}},"10":{"start":{"line":33,"column":33},"end":{"line":33,"column":64}},"11":{"start":{"line":42,"column":0},"end":{"line":44,"column":1}}},"fnMap":{"0":{"name":"(anonymous_0)","decl":{"start":{"line":4,"column":18},"end":{"line":4,"column":19}},"loc":{"start":{"line":4,"column":38},"end":{"line":40,"column":1}},"line":4},"1":{"name":"(anonymous_1)","decl":{"start":{"line":8,"column":18},"end":{"line":8,"column":19}},"loc":{"start":{"line":8,"column":29},"end":{"line":13,"column":3}},"line":8},"2":{"name":"(anonymous_2)","decl":{"start":{"line":24,"column":22},"end":{"line":24,"column":23}},"loc":{"start":{"line":24,"column":33},"end":{"line":24,"column":64}},"line":24},"3":{"name":"(anonymous_3)","decl":{"start":{"line":33,"column":22},"end":{"line":33,"column":23}},"loc":{"start":{"line":33,"column":33},"end":{"line":33,"column":64}},"line":33}},"branchMap":{},"s":{"0":1,"1":0,"2":0,"3":0,"4":0,"5":0,"6":0,"7":0,"8":0,"9":0,"10":0,"11":1},"f":{"0":0,"1":0,"2":0,"3":0},"b":{},"_coverageSchema":"1a1c01bbd47fc00a2c39e90264f33305004495a9","hash":"29cba448528e36281b36cad5af64ffae25ebcb80"}
,"/Users/cajsanummelin/Desktop/fullstack_p4/blog_list_backend/blog_list_frontend/src/components/notifications.jsx": {"path":"/Users/cajsanummelin/Desktop/fullstack_p4/blog_list_backend/blog_list_frontend/src/components/notifications.jsx","statementMap":{"0":{"start":{"line":1,"column":28},"end":{"line":6,"column":1}},"1":{"start":{"line":2,"column":2},"end":{"line":4,"column":3}},"2":{"start":{"line":3,"column":4},"end":{"line":3,"column":15}},"3":{"start":{"line":5,"column":2},"end":{"line":5,"column":54}},"4":{"start":{"line":8,"column":28},"end":{"line":13,"column":1}},"5":{"start":{"line":9,"column":2},"end":{"line":11,"column":3}},"6":{"start":{"line":10,"column":4},"end":{"line":10,"column":15}},"7":{"start":{"line":12,"column":2},"end":{"line":12,"column":47}}},"fnMap":{"0":{"name":"(anonymous_0)","decl":{"start":{"line":1,"column":28},"end":{"line":1,"column":29}},"loc":{"start":{"line":1,"column":45},"end":{"line":6,"column":1}},"line":1},"1":{"name":"(anonymous_1)","decl":{"start":{"line":8,"column":28},"end":{"line":8,"column":29}},"loc":{"start":{"line":8,"column":45},"end":{"line":13,"column":1}},"line":8}},"branchMap":{"0":{"loc":{"start":{"line":2,"column":2},"end":{"line":4,"column":3}},"type":"if","locations":[{"start":{"line":2,"column":2},"end":{"line":4,"column":3}},{"start":{},"end":{}}],"line":2},"1":{"loc":{"start":{"line":9,"column":2},"end":{"line":11,"column":3}},"type":"if","locations":[{"start":{"line":9,"column":2},"end":{"line":11,"column":3}},{"start":{},"end":{}}],"line":9}},"s":{"0":1,"1":0,"2":0,"3":0,"4":1,"5":0,"6":0,"7":0},"f":{"0":0,"1":0},"b":{"0":[0,0],"1":[0,0]},"_coverageSchema":"1a1c01bbd47fc00a2c39e90264f33305004495a9","hash":"c86eb7e288587ee6af41e0d3a38c8c6b8c88fafd"}
,"/Users/cajsanummelin/Desktop/fullstack_p4/blog_list_backend/blog_list_frontend/src/components/togglable.jsx": {"path":"/Users/cajsanummelin/Desktop/fullstack_p4/blog_list_backend/blog_list_frontend/src/components/togglable.jsx","statementMap":{"0":{"start":{"line":4,"column":18},"end":{"line":30,"column":2}},"1":{"start":{"line":5,"column":32},"end":{"line":5,"column":47}},"2":{"start":{"line":7,"column":26},"end":{"line":7,"column":60}},"3":{"start":{"line":8,"column":26},"end":{"line":8,"column":60}},"4":{"start":{"line":10,"column":27},"end":{"line":12,"column":3}},"5":{"start":{"line":11,"column":4},"end":{"line":11,"column":24}},"6":{"start":{"line":13,"column":2},"end":{"line":17,"column":4}},"7":{"start":{"line":14,"column":4},"end":{"line":16,"column":5}},"8":{"start":{"line":19,"column":2},"end":{"line":29,"column":3}},"9":{"start":{"line":32,"column":0},"end":{"line":35,"column":1}},"10":{"start":{"line":37,"column":0},"end":{"line":37,"column":35}}},"fnMap":{"0":{"name":"(anonymous_0)","decl":{"start":{"line":4,"column":29},"end":{"line":4,"column":30}},"loc":{"start":{"line":4,"column":46},"end":{"line":30,"column":1}},"line":4},"1":{"name":"(anonymous_1)","decl":{"start":{"line":10,"column":27},"end":{"line":10,"column":28}},"loc":{"start":{"line":10,"column":33},"end":{"line":12,"column":3}},"line":10},"2":{"name":"(anonymous_2)","decl":{"start":{"line":13,"column":28},"end":{"line":13,"column":29}},"loc":{"start":{"line":13,"column":34},"end":{"line":17,"column":3}},"line":13}},"branchMap":{"0":{"loc":{"start":{"line":7,"column":37},"end":{"line":7,"column":58}},"type":"cond-expr","locations":[{"start":{"line":7,"column":47},"end":{"line":7,"column":53}},{"start":{"line":7,"column":56},"end":{"line":7,"column":58}}],"line":7},"1":{"loc":{"start":{"line":8,"column":37},"end":{"line":8,"column":58}},"type":"cond-expr","locations":[{"start":{"line":8,"column":47},"end":{"line":8,"column":49}},{"start":{"line":8,"column":52},"end":{"line":8,"column":58}}],"line":8}},"s":{"0":2,"1":9,"2":9,"3":9,"4":9,"5":3,"6":9,"7":0,"8":9,"9":2,"10":2},"f":{"0":9,"1":3,"2":0},"b":{"0":[2,7],"1":[2,7]},"_coverageSchema":"1a1c01bbd47fc00a2c39e90264f33305004495a9","hash":"244ec6fff8ebcbfdcce09001192b1d38dfccbad0"}
,"/Users/cajsanummelin/Desktop/fullstack_p4/blog_list_backend/blog_list_frontend/src/requests/blogs.js": {"path":"/Users/cajsanummelin/Desktop/fullstack_p4/blog_list_backend/blog_list_frontend/src/requests/blogs.js","statementMap":{"0":{"start":{"line":2,"column":12},"end":{"line":2,"column":28}},"1":{"start":{"line":4,"column":12},"end":{"line":4,"column":16}},"2":{"start":{"line":6,"column":17},"end":{"line":8,"column":1}},"3":{"start":{"line":7,"column":2},"end":{"line":7,"column":30}},"4":{"start":{"line":10,"column":15},"end":{"line":13,"column":1}},"5":{"start":{"line":11,"column":18},"end":{"line":11,"column":32}},"6":{"start":{"line":12,"column":2},"end":{"line":12,"column":48}},"7":{"start":{"line":12,"column":34},"end":{"line":12,"column":47}},"8":{"start":{"line":15,"column":19},"end":{"line":22,"column":1}},"9":{"start":{"line":16,"column":17},"end":{"line":18,"column":3}},"10":{"start":{"line":19,"column":19},"end":{"line":19,"column":59}},"11":{"start":{"line":20,"column":2},"end":{"line":20,"column":28}},"12":{"start":{"line":21,"column":2},"end":{"line":21,"column":22}},"13":{"start":{"line":24,"column":19},"end":{"line":31,"column":1}},"14":{"start":{"line":25,"column":17},"end":{"line":27,"column":3}},"15":{"start":{"line":28,"column":2},"end":{"line":28,"column":35}},"16":{"start":{"line":29,"column":18},"end":{"line":29,"column":54}},"17":{"start":{"line":30,"column":2},"end":{"line":30,"column":48}},"18":{"start":{"line":30,"column":34},"end":{"line":30,"column":47}},"19":{"start":{"line":33,"column":20},"end":{"line":36,"column":1}},"20":{"start":{"line":34,"column":18},"end":{"line":34,"column":55}},"21":{"start":{"line":35,"column":2},"end":{"line":35,"column":48}},"22":{"start":{"line":35,"column":34},"end":{"line":35,"column":47}},"23":{"start":{"line":38,"column":19},"end":{"line":41,"column":1}},"24":{"start":{"line":39,"column":18},"end":{"line":39,"column":49}},"25":{"start":{"line":40,"column":2},"end":{"line":40,"column":48}},"26":{"start":{"line":40,"column":34},"end":{"line":40,"column":47}}},"fnMap":{"0":{"name":"(anonymous_0)","decl":{"start":{"line":6,"column":17},"end":{"line":6,"column":18}},"loc":{"start":{"line":6,"column":31},"end":{"line":8,"column":1}},"line":6},"1":{"name":"(anonymous_1)","decl":{"start":{"line":10,"column":15},"end":{"line":10,"column":16}},"loc":{"start":{"line":10,"column":21},"end":{"line":13,"column":1}},"line":10},"2":{"name":"(anonymous_2)","decl":{"start":{"line":12,"column":22},"end":{"line":12,"column":23}},"loc":{"start":{"line":12,"column":34},"end":{"line":12,"column":47}},"line":12},"3":{"name":"(anonymous_3)","decl":{"start":{"line":15,"column":19},"end":{"line":15,"column":20}},"loc":{"start":{"line":15,"column":40},"end":{"line":22,"column":1}},"line":15},"4":{"name":"(anonymous_4)","decl":{"start":{"line":24,"column":19},"end":{"line":24,"column":20}},"loc":{"start":{"line":24,"column":27},"end":{"line":31,"column":1}},"line":24},"5":{"name":"(anonymous_5)","decl":{"start":{"line":30,"column":22},"end":{"line":30,"column":23}},"loc":{"start":{"line":30,"column":34},"end":{"line":30,"column":47}},"line":30},"6":{"name":"(anonymous_6)","decl":{"start":{"line":33,"column":20},"end":{"line":33,"column":21}},"loc":{"start":{"line":33,"column":34},"end":{"line":36,"column":1}},"line":33},"7":{"name":"(anonymous_7)","decl":{"start":{"line":35,"column":22},"end":{"line":35,"column":23}},"loc":{"start":{"line":35,"column":34},"end":{"line":35,"column":47}},"line":35},"8":{"name":"(anonymous_8)","decl":{"start":{"line":38,"column":19},"end":{"line":38,"column":20}},"loc":{"start":{"line":38,"column":33},"end":{"line":41,"column":1}},"line":38},"9":{"name":"(anonymous_9)","decl":{"start":{"line":40,"column":22},"end":{"line":40,"column":23}},"loc":{"start":{"line":40,"column":34},"end":{"line":40,"column":47}},"line":40}},"branchMap":{},"s":{"0":0,"1":0,"2":0,"3":0,"4":0,"5":0,"6":0,"7":0,"8":0,"9":0,"10":0,"11":0,"12":0,"13":0,"14":0,"15":0,"16":0,"17":0,"18":0,"19":0,"20":0,"21":0,"22":0,"23":0,"24":0,"25":0,"26":0},"f":{"0":0,"1":0,"2":0,"3":0,"4":0,"5":0,"6":0,"7":0,"8":0,"9":0},"b":{}}
,"/Users/cajsanummelin/Desktop/fullstack_p4/blog_list_backend/blog_list_frontend/src/requests/login.js": {"path":"/Users/cajsanummelin/Desktop/fullstack_p4/blog_list_backend/blog_list_frontend/src/requests/login.js","statementMap":{"0":{"start":{"line":2,"column":12},"end":{"line":2,"column":24}},"1":{"start":{"line":4,"column":14},"end":{"line":7,"column":1}},"2":{"start":{"line":5,"column":19},"end":{"line":5,"column":53}},"3":{"start":{"line":6,"column":2},"end":{"line":6,"column":22}}},"fnMap":{"0":{"name":"(anonymous_0)","decl":{"start":{"line":4,"column":14},"end":{"line":4,"column":15}},"loc":{"start":{"line":4,"column":37},"end":{"line":7,"column":1}},"line":4}},"branchMap":{},"s":{"0":0,"1":0,"2":0,"3":0},"f":{"0":0},"b":{}}
}
